#
# A fatal error has been detected by the Java Runtime Environment:
#
#  EXCEPTION_ACCESS_VIOLATION (0xc0000005) at pc=0x00000256d940d8e0, pid=14340, tid=18372
#
# JRE version: OpenJDK Runtime Environment (17.0.6) (build 17.0.6+0-b2043.56-10027231)
# Java VM: OpenJDK 64-Bit Server VM (17.0.6+0-b2043.56-10027231, mixed mode, tiered, compressed oops, compressed class ptrs, g1 gc, windows-amd64)
# Problematic frame:
# j  org.jetbrains.kotlin.com.intellij.util.containers.LockFreeCopyOnWriteArrayList.createArrayAdd([Ljava/lang/Object;Ljava/lang/Object;)[Ljava/lang/Object;+0
#
# No core dump will be written. Minidumps are not enabled by default on client versions of Windows
#
# If you would like to submit a bug report, please visit:
#   https://bugreport.java.com/bugreport/crash.jsp
#

---------------  S U M M A R Y ------------

Command Line: org.jetbrains.kotlin.cli.jvm.K2JVMCompiler @C:\Users\Raven\AndroidStudioProjects\MySubmissionPemula\app\build\20230821_4950048718976090076.compiler.options

Host: Intel(R) Core(TM) i7-8550U CPU @ 1.80GHz, 8 cores, 11G,  Windows 10 , 64 bit Build 19041 (10.0.19041.3155)
Time: Mon Aug 21 20:28:09 2023 SE Asia Standard Time elapsed time: 4.338350 seconds (0d 0h 0m 4s)

---------------  T H R E A D  ---------------

Current thread (0x00000256cd1d9230):  JavaThread "main" [_thread_in_Java, id=18372, stack(0x000000b5a2800000,0x000000b5a2900000)]

Stack: [0x000000b5a2800000,0x000000b5a2900000],  sp=0x000000b5a28f7dc8,  free space=991k
Native frames: (J=compiled Java code, j=interpreted, Vv=VM code, C=native code)
C  0x00000256d940d8e0


siginfo: EXCEPTION_ACCESS_VIOLATION (0xc0000005), reading address 0xffffffffffffffff


Register to memory mapping:

RIP=0x00000256d940d8e0 is at code_begin+64 in an Interpreter codelet
fast_fputfield  216 fast_fputfield  [0x00000256d940d8a0, 0x00000256d940d900]  96 bytes
RAX=0x0 is NULL
RBX=0x0101010101010101 is an unknown value
RCX=0x00000256ee65e590 is pointing into metadata
RDX=0x0 is NULL
RSP=0x000000b5a28f7dc8 is pointing into the stack for thread: 0x00000256cd1d9230
RBP=0x000000b5a28f7e00 is pointing into the stack for thread: 0x00000256cd1d9230
RSI=0x00000256f19a99d8 is pointing into metadata
RDI=0x0000000800262a18 is a pointer to class: 
org.jetbrains.kotlin.com.intellij.util.containers.LockFreeCopyOnWriteArrayList {0x0000000800262a20}
 - instance size:     2
 - klass size:        160
 - access:            final synchronized 
 - state:             fully_initialized
 - name:              'org/jetbrains/kotlin/com/intellij/util/containers/LockFreeCopyOnWriteArrayList'
 - super:             'java/lang/Object'
 - sub:               
 - arrays:            NULL
 - methods:           Array<T>(0x00000256ee65b450)
 - method ordering:   Array<T>(0x00000256eb800018)
 - default_methods:   Array<T>(0x00000256ee65c800)
 - default vtable indices:   Array<T>(0x00000256ee65dfd0)
 - local interfaces:  Array<T>(0x00000256ee65b410)
 - trans. interfaces: Array<T>(0x00000256ee65dfa0)
 - constants:         constant pool [355] {0x00000256ee65a7e8} for 'org/jetbrains/kotlin/com/intellij/util/containers/LockFreeCopyOnWriteArrayList' cache=0x00000256ee65c8b8
 - class loader data:  loader data: 0x00000256eb564650 for instance a 'jdk/internal/loader/ClassLoaders$AppClassLoader'{0x0000000742e00000}
 - source file:       'LockFreeCopyOnWriteArrayList.java'
 - class annotations:       Array<T>(0x0000000000000000)
 - class type annotations:  Array<T>(0x0000000000000000)
 - field annotations:       Array<T>(0x0000000000000000)
 - field type annotations:  Array<T>(0x0000000000000000)
 - generic signature: '<E:Ljava/lang/Object;>Ljava/lang/Object;Lorg/jetbrains/kotlin/com/intellij/util/containers/ConcurrentList<TE;>;Ljava/util/List<TE;>;Ljava/util/RandomAccess;'
 - inner classes:     Array<T>(0x00000256ee65df80)
 - nest members:     Array<T>(0x00000256eb800028)
 - permitted subclasses:     Array<T>(0x00000256eb800028)
 - java mirror:       a 'java/lang/Class'{0x000000074262cd78} = 'org/jetbrains/kotlin/com/intellij/util/containers/LockFreeCopyOnWriteArrayList'
 - vtable length      12  (start addr: 0x0000000800262c08)
 - itable length      85 (start addr: 0x0000000800262c68)
 - ---- static fields (1 words):
 - private static final 'ARRAY_UPDATER' 'Lorg/jetbrains/kotlin/com/intellij/util/concurrency/AtomicFieldUpdater;' @112 
 - ---- non-static fields (1 words):
 - private volatile 'array' '[Ljava/lang/Object;' @12 
 - non-static oop maps: 12-12 
R8 =0x00000007463e06e8 is an oop: org.jetbrains.kotlin.diagnostics.DiagnosticWithParameters1 
{0x00000007463e06e8} - klass: 'org/jetbrains/kotlin/diagnostics/DiagnosticWithParameters1'
 - ---- fields (total size 4 words):
 - private final 'psiElement' 'Lorg/jetbrains/kotlin/com/intellij/psi/PsiElement;' @12  a 'org/jetbrains/kotlin/psi/KtNameReferenceExpression'{0x00000007463b9ef0} (e8c773de)
 - private final 'factory' 'Lorg/jetbrains/kotlin/diagnostics/DiagnosticFactoryWithPsiElement;' @16  a 'org/jetbrains/kotlin/diagnostics/DiagnosticFactory1'{0x0000000742c384e8} (e858709d)
 - private final 'severity' 'Lorg/jetbrains/kotlin/diagnostics/Severity;' @20  a 'org/jetbrains/kotlin/diagnostics/Severity'{0x0000000742a4fe78} (e8549fcf)
 - private final 'a' 'Ljava/lang/Object;' @24  a 'org/jetbrains/kotlin/descriptors/impl/ValueParameterDescriptorImpl'{0x0000000743d817a0} (e87b02f4)
R9 =0x0000000000000001 is an unknown value
R10=0x00007ffc9cc57490 jvm.dll
R11=0x00000000000002b8 is an unknown value
R12=0x0 is NULL
R13=0x00000256ee65e599 is pointing into metadata
R14=0x000000b5a28f7e28 is pointing into the stack for thread: 0x00000256cd1d9230
R15=0x00000256cd1d9230 is a thread


Registers:
RAX=0x0000000000000000, RBX=0x0101010101010101, RCX=0x00000256ee65e590, RDX=0x0000000000000000
RSP=0x000000b5a28f7dc8, RBP=0x000000b5a28f7e00, RSI=0x00000256f19a99d8, RDI=0x0000000800262a18
R8 =0x00000007463e06e8, R9 =0x0000000000000001, R10=0x00007ffc9cc57490, R11=0x00000000000002b8
R12=0x0000000000000000, R13=0x00000256ee65e599, R14=0x000000b5a28f7e28, R15=0x00000256cd1d9230
RIP=0x00000256d940d8e0, EFLAGS=0x0000000000010246

Top of Stack: (sp=0x000000b5a28f7dc8)
0x000000b5a28f7dc8:   000000b5a28f7e28 00000256ee65c8b8
0x000000b5a28f7dd8:   0000000000000000 000000074262cd78
0x000000b5a28f7de8:   00000256ee65e600 0000000000000000
0x000000b5a28f7df8:   000000b5a28f7e20 000000b5a28f7e78
0x000000b5a28f7e08:   00000256d93f9657 0000000000000000
0x000000b5a28f7e18:   0000000000000000 00000007463e06e8
0x000000b5a28f7e28:   000000074351f278 000000b5a28f7e30
0x000000b5a28f7e38:   00000256ee65e48f 000000b5a28f7ea0
0x000000b5a28f7e48:   00000256ee65c8b8 0000000000000000
0x000000b5a28f7e58:   000000074262cd78 00000256ee65e4e8
0x000000b5a28f7e68:   000000b5a28f7e20 000000b5a28f7eb0
0x000000b5a28f7e78:   000000b5a28f7fe0 00000256d235f0c4
0x000000b5a28f7e88:   0000000000000000 000000074351f278
0x000000b5a28f7e98:   00000007463e06e8 00000007463f8328
0x000000b5a28f7ea8:   00000256d235f0c4 00000256cd1d9230
0x000000b5a28f7eb8:   00007ffc9c427878 000000b5a28f7fe0 

Instructions: (pc=0x00000256d940d8e0)
0x00000256d940d7e0:   19 41 0f b6 5d 03 49 83 c5 03 49 ba 90 74 c5 9c
0x00000256d940d7f0:   fc 7f 00 00 41 ff 24 da 00 00 00 00 00 00 00 00
0x00000256d940d800:   c0 c2 9c 9c fc 7f 00 00 80 00 00 00 d7 00 00 00
0x00000256d940d810:   00 00 00 00 00 00 00 00 00 00 00 00 00 00 00 00
0x00000256d940d820:   c5 fb 10 04 24 48 83 c4 10 41 0f b7 5d 01 48 8b
0x00000256d940d830:   4d d0 c1 e3 02 8b 54 d9 38 48 8b 5c d9 30 c1 ea
0x00000256d940d840:   15 83 e2 01 59 48 3b 01 85 d2 0f 84 10 00 00 00
0x00000256d940d850:   c5 fb 11 04 19 f0 83 44 24 c0 00 e9 05 00 00 00
0x00000256d940d860:   c5 fb 11 04 19 41 0f b6 5d 03 49 83 c5 03 49 ba
0x00000256d940d870:   90 74 c5 9c fc 7f 00 00 41 ff 24 da 0f 1f 40 00
0x00000256d940d880:   d0 c2 9c 9c fc 7f 00 00 80 00 00 00 d8 00 00 00
0x00000256d940d890:   00 00 00 00 00 00 00 00 00 00 00 00 00 00 00 00
0x00000256d940d8a0:   c5 fa 10 04 24 48 83 c4 08 41 0f b7 5d 01 48 8b
0x00000256d940d8b0:   4d d0 c1 e3 02 8b 54 d9 38 48 8b 5c d9 30 c1 ea
0x00000256d940d8c0:   15 83 e2 01 59 48 3b 01 85 d2 0f 84 10 00 00 00
0x00000256d940d8d0:   c5 fa 11 04 19 f0 83 44 24 c0 00 e9 05 00 00 00
0x00000256d940d8e0:   c5 fa 11 04 19 41 0f b6 5d 03 49 83 c5 03 49 ba
0x00000256d940d8f0:   90 74 c5 9c fc 7f 00 00 41 ff 24 da 0f 1f 40 00
0x00000256d940d900:   e0 c2 9c 9c fc 7f 00 00 80 00 00 00 d9 00 00 00
0x00000256d940d910:   00 00 00 00 00 00 00 00 00 00 00 00 00 00 00 00
0x00000256d940d920:   8b 04 24 48 83 c4 08 41 0f b7 5d 01 48 8b 4d d0
0x00000256d940d930:   c1 e3 02 8b 54 d9 38 48 8b 5c d9 30 c1 ea 15 83
0x00000256d940d940:   e2 01 59 48 3b 01 85 d2 0f 84 0e 00 00 00 89 04
0x00000256d940d950:   19 f0 83 44 24 c0 00 e9 03 00 00 00 89 04 19 41
0x00000256d940d960:   0f b6 5d 03 49 83 c5 03 49 ba 90 74 c5 9c fc 7f
0x00000256d940d970:   00 00 41 ff 24 da 66 90 00 00 00 00 00 00 00 00
0x00000256d940d980:   f0 c2 9c 9c fc 7f 00 00 80 00 00 00 da 00 00 00
0x00000256d940d990:   00 00 00 00 00 00 00 00 00 00 00 00 00 00 00 00
0x00000256d940d9a0:   48 8b 04 24 48 83 c4 10 41 0f b7 5d 01 48 8b 4d
0x00000256d940d9b0:   d0 c1 e3 02 8b 54 d9 38 48 8b 5c d9 30 c1 ea 15
0x00000256d940d9c0:   83 e2 01 59 48 3b 01 85 d2 0f 84 0f 00 00 00 48
0x00000256d940d9d0:   89 04 19 f0 83 44 24 c0 00 e9 04 00 00 00 48 89 


Stack slot to memory mapping:
stack at sp + 0 slots: 0x000000b5a28f7e28 is pointing into the stack for thread: 0x00000256cd1d9230
stack at sp + 1 slots: 0x00000256ee65c8b8 is pointing into metadata
stack at sp + 2 slots: 0x0 is NULL
stack at sp + 3 slots: 0x000000074262cd78 is an oop: java.lang.Class 
{0x000000074262cd78} - klass: 'java/lang/Class'
 - ---- fields (total size 15 words):
 - private volatile transient 'classRedefinedCount' 'I' @12  0
 - private volatile transient 'cachedConstructor' 'Ljava/lang/reflect/Constructor;' @40  NULL (0)
 - private transient 'name' 'Ljava/lang/String;' @44  "org.jetbrains.kotlin.com.intellij.util.containers.LockFreeCopyOnWriteArrayList"{0x000000074262d930} (e84c5b26)
 - private transient 'module' 'Ljava/lang/Module;' @48  a 'java/lang/Module'{0x0000000742e96f20} (e85d2de4)
 - private final 'classLoader' 'Ljava/lang/ClassLoader;' @52  a 'jdk/internal/loader/ClassLoaders$AppClassLoader'{0x0000000742e00000} (e85c0000)
 - private transient 'classData' 'Ljava/lang/Object;' @56  NULL (0)
 - private transient 'packageName' 'Ljava/lang/String;' @60  "org.jetbrains.kotlin.com.intellij.util.containers"{0x0000000742e96f58} (e85d2deb)
 - private final 'componentType' 'Ljava/lang/Class;' @64  NULL (0)
 - private volatile transient 'reflectionData' 'Ljava/lang/ref/SoftReference;' @68  a 'java/lang/ref/SoftReference'{0x000000074262d9a8} (e84c5b35)
 - private volatile transient 'genericInfo' 'Lsun/reflect/generics/repository/ClassRepository;' @72  NULL (0)
 - private volatile transient 'enumConstants' '[Ljava/lang/Object;' @76  NULL (0)
 - private volatile transient 'enumConstantDirectory' 'Ljava/util/Map;' @80  NULL (0)
 - private volatile transient 'annotationData' 'Ljava/lang/Class$AnnotationData;' @84  NULL (0)
 - private volatile transient 'annotationType' 'Lsun/reflect/annotation/AnnotationType;' @88  NULL (0)
 - transient 'classValueMap' 'Ljava/lang/ClassValue$ClassValueMap;' @92  NULL (0)
 - signature: Lorg/jetbrains/kotlin/com/intellij/util/containers/LockFreeCopyOnWriteArrayList;
 - fake entry for mirror: 'org/jetbrains/kotlin/com/intellij/util/containers/LockFreeCopyOnWriteArrayList'
 - fake entry for array: NULL
 - fake entry for oop_size: 15
 - fake entry for static_oop_field_count: 1
 - private static final 'ARRAY_UPDATER' 'Lorg/jetbrains/kotlin/com/intellij/util/concurrency/AtomicFieldUpdater;' @112  a 'org/jetbrains/kotlin/com/intellij/util/concurrency/AtomicFieldUpdater'{0x000000074262d918} (e84c5b23)
stack at sp + 4 slots: {method} {0x00000256ee65e608} 'createArrayAdd' '([Ljava/lang/Object;Ljava/lang/Object;)[Ljava/lang/Object;' in 'org/jetbrains/kotlin/com/intellij/util/containers/LockFreeCopyOnWriteArrayList'
stack at sp + 5 slots: 0x0 is NULL
stack at sp + 6 slots: 0x000000b5a28f7e20 is pointing into the stack for thread: 0x00000256cd1d9230
stack at sp + 7 slots: 0x000000b5a28f7e78 is pointing into the stack for thread: 0x00000256cd1d9230

fast_fputfield  216 fast_fputfield  [0x00000256d940d8a0, 0x00000256d940d900]  96 bytes
[MachCode]
  0x00000256d940d8a0: c5fa 1004 | 2448 83c4 | 0841 0fb7 | 5d01 488b | 4dd0 c1e3 | 028b 54d9 | 3848 8b5c | d930 c1ea 
  0x00000256d940d8c0: 1583 e201 | 5948 3b01 | 85d2 0f84 | 1000 0000 | c5fa 1104 | 19f0 8344 | 24c0 00e9 | 0500 0000 
  0x00000256d940d8e0: c5fa 1104 | 1941 0fb6 | 5d03 4983 | c503 49ba | 9074 c59c | fc7f 0000 | 41ff 24da | 0f1f 4000 
[/MachCode]

---------------  P R O C E S S  ---------------

Threads class SMR info:
_java_thread_list=0x00000256edad1d00, length=14, elements={
0x00000256cd1d9230, 0x00000256eb54a8c0, 0x00000256eb54b730, 0x00000256ec04f8c0,
0x00000256ec0514f0, 0x00000256ec0541c0, 0x00000256ec054f70, 0x00000256ec055c50,
0x00000256ec07e0b0, 0x00000256ec07eaa0, 0x00000256ec1f2780, 0x00000256ec1f6c60,
0x00000256ec25ff00, 0x00000256edad1f20
}

Java Threads: ( => current thread )
=>0x00000256cd1d9230 JavaThread "main" [_thread_in_Java, id=18372, stack(0x000000b5a2800000,0x000000b5a2900000)]
  0x00000256eb54a8c0 JavaThread "Reference Handler" daemon [_thread_blocked, id=3996, stack(0x000000b5a2f00000,0x000000b5a3000000)]
  0x00000256eb54b730 JavaThread "Finalizer" daemon [_thread_blocked, id=17660, stack(0x000000b5a3000000,0x000000b5a3100000)]
  0x00000256ec04f8c0 JavaThread "Signal Dispatcher" daemon [_thread_blocked, id=19140, stack(0x000000b5a3100000,0x000000b5a3200000)]
  0x00000256ec0514f0 JavaThread "Attach Listener" daemon [_thread_blocked, id=18036, stack(0x000000b5a3200000,0x000000b5a3300000)]
  0x00000256ec0541c0 JavaThread "Service Thread" daemon [_thread_blocked, id=11936, stack(0x000000b5a3300000,0x000000b5a3400000)]
  0x00000256ec054f70 JavaThread "Monitor Deflation Thread" daemon [_thread_blocked, id=13132, stack(0x000000b5a3400000,0x000000b5a3500000)]
  0x00000256ec055c50 JavaThread "C2 CompilerThread0" daemon [_thread_blocked, id=3552, stack(0x000000b5a3500000,0x000000b5a3600000)]
  0x00000256ec07e0b0 JavaThread "C1 CompilerThread0" daemon [_thread_blocked, id=15772, stack(0x000000b5a3600000,0x000000b5a3700000)]
  0x00000256ec07eaa0 JavaThread "Sweeper thread" daemon [_thread_blocked, id=10776, stack(0x000000b5a3700000,0x000000b5a3800000)]
  0x00000256ec1f2780 JavaThread "Notification Thread" daemon [_thread_blocked, id=18548, stack(0x000000b5a3800000,0x000000b5a3900000)]
  0x00000256ec1f6c60 JavaThread "Common-Cleaner" daemon [_thread_blocked, id=11924, stack(0x000000b5a3a00000,0x000000b5a3b00000)]
  0x00000256ec25ff00 JavaThread "C2 CompilerThread1" daemon [_thread_blocked, id=18852, stack(0x000000b5a3b00000,0x000000b5a3c00000)]
  0x00000256edad1f20 JavaThread "C2 CompilerThread2" daemon [_thread_in_native, id=4900, stack(0x000000b5a4000000,0x000000b5a4100000)]

Other Threads:
  0x00000256eb544790 VMThread "VM Thread" [stack: 0x000000b5a2e00000,0x000000b5a2f00000] [id=15112]
  0x00000256cd247cf0 WatcherThread [stack: 0x000000b5a3900000,0x000000b5a3a00000] [id=17080]
  0x00000256cd234520 GCTaskThread "GC Thread#0" [stack: 0x000000b5a2900000,0x000000b5a2a00000] [id=13696]
  0x00000256ec66d7a0 GCTaskThread "GC Thread#1" [stack: 0x000000b5a3c00000,0x000000b5a3d00000] [id=12072]
  0x00000256ec66c750 GCTaskThread "GC Thread#2" [stack: 0x000000b5a3d00000,0x000000b5a3e00000] [id=4756]
  0x00000256ec66ca00 GCTaskThread "GC Thread#3" [stack: 0x000000b5a3e00000,0x000000b5a3f00000] [id=13380]
  0x00000256ec74ab40 GCTaskThread "GC Thread#4" [stack: 0x000000b5a3f00000,0x000000b5a4000000] [id=16920]
  0x00000256ed967340 GCTaskThread "GC Thread#5" [stack: 0x000000b5a4100000,0x000000b5a4200000] [id=18560]
  0x00000256ed967b50 GCTaskThread "GC Thread#6" [stack: 0x000000b5a4200000,0x000000b5a4300000] [id=16040]
  0x00000256ed966880 GCTaskThread "GC Thread#7" [stack: 0x000000b5a4300000,0x000000b5a4400000] [id=9712]
  0x00000256cd2412a0 ConcurrentGCThread "G1 Main Marker" [stack: 0x000000b5a2a00000,0x000000b5a2b00000] [id=3516]
  0x00000256cd241cb0 ConcurrentGCThread "G1 Conc#0" [stack: 0x000000b5a2b00000,0x000000b5a2c00000] [id=13748]
  0x00000256ed9665d0 ConcurrentGCThread "G1 Conc#1" [stack: 0x000000b5a4400000,0x000000b5a4500000] [id=18904]
  0x00000256cd2aec80 ConcurrentGCThread "G1 Refine#0" [stack: 0x000000b5a2c00000,0x000000b5a2d00000] [id=12860]
  0x00000256eb3b8820 ConcurrentGCThread "G1 Service" [stack: 0x000000b5a2d00000,0x000000b5a2e00000] [id=18932]

Threads with active compile tasks:
C2 CompilerThread2     4366 5866       4       org.jetbrains.kotlin.types.TypeUtils::contains (301 bytes)

VM state: not at safepoint (normal execution)

VM Mutex/Monitor currently owned by a thread: None

Heap address: 0x0000000741c00000, size: 3044 MB, Compressed Oops mode: Zero based, Oop shift amount: 3

CDS archive(s) not mapped
Compressed class space mapped at: 0x0000000800000000-0x0000000840000000, reserved size: 1073741824
Narrow klass base: 0x0000000800000000, Narrow klass shift: 0, Narrow klass range: 0x40000000

GC Precious Log:
 CPUs: 8 total, 8 available
 Memory: 12172M
 Large Page Support: Disabled
 NUMA Support: Disabled
 Compressed Oops: Enabled (Zero based)
 Heap Region Size: 2M
 Heap Min Capacity: 8M
 Heap Initial Capacity: 192M
 Heap Max Capacity: 3044M
 Pre-touch: Disabled
 Parallel Workers: 8
 Concurrent Workers: 2
 Concurrent Refinement Workers: 8
 Periodic GC: Disabled

Heap:
 garbage-first heap   total 86016K, used 57893K [0x0000000741c00000, 0x0000000800000000)
  region size 2048K, 9 young (18432K), 2 survivors (4096K)
 Metaspace       used 57219K, committed 57472K, reserved 1105920K
  class space    used 6780K, committed 6912K, reserved 1048576K

Heap Regions: E=young(eden), S=young(survivor), O=old, HS=humongous(starts), HC=humongous(continues), CS=collection set, F=free, OA=open archive, CA=closed archive, TAMS=top-at-mark-start (previous, next)
|   0|0x0000000741c00000, 0x0000000741e00000, 0x0000000741e00000|100%|HS|  |TAMS 0x0000000741e00000, 0x0000000741c00000| Complete 
|   1|0x0000000741e00000, 0x0000000742000000, 0x0000000742000000|100%|HC|  |TAMS 0x0000000742000000, 0x0000000741e00000| Complete 
|   2|0x0000000742000000, 0x0000000742200000, 0x0000000742200000|100%|HS|  |TAMS 0x0000000742200000, 0x0000000742000000| Complete 
|   3|0x0000000742200000, 0x0000000742400000, 0x0000000742400000|100%|HC|  |TAMS 0x0000000742400000, 0x0000000742200000| Complete 
|   4|0x0000000742400000, 0x0000000742600000, 0x0000000742600000|100%| O|  |TAMS 0x0000000742600000, 0x0000000742400000| Untracked 
|   5|0x0000000742600000, 0x0000000742800000, 0x0000000742800000|100%| O|  |TAMS 0x0000000742800000, 0x0000000742600000| Untracked 
|   6|0x0000000742800000, 0x0000000742a00000, 0x0000000742a00000|100%| O|  |TAMS 0x0000000742a00000, 0x0000000742800000| Untracked 
|   7|0x0000000742a00000, 0x0000000742c00000, 0x0000000742c00000|100%| O|  |TAMS 0x0000000742c00000, 0x0000000742a00000| Untracked 
|   8|0x0000000742c00000, 0x0000000742e00000, 0x0000000742e00000|100%| O|  |TAMS 0x0000000742e00000, 0x0000000742c00000| Untracked 
|   9|0x0000000742e00000, 0x0000000743000000, 0x0000000743000000|100%| O|  |TAMS 0x0000000743000000, 0x0000000742e00000| Untracked 
|  10|0x0000000743000000, 0x0000000743200000, 0x0000000743200000|100%| O|  |TAMS 0x0000000743200000, 0x0000000743000000| Untracked 
|  11|0x0000000743200000, 0x0000000743400000, 0x0000000743400000|100%| O|  |TAMS 0x0000000743400000, 0x0000000743200000| Untracked 
|  12|0x0000000743400000, 0x0000000743600000, 0x0000000743600000|100%| O|  |TAMS 0x0000000743600000, 0x0000000743400000| Untracked 
|  13|0x0000000743600000, 0x0000000743800000, 0x0000000743800000|100%|HS|  |TAMS 0x0000000743800000, 0x0000000743600000| Complete 
|  14|0x0000000743800000, 0x0000000743a00000, 0x0000000743a00000|100%| O|  |TAMS 0x0000000743a00000, 0x0000000743800000| Untracked 
|  15|0x0000000743a00000, 0x0000000743c00000, 0x0000000743c00000|100%| O|  |TAMS 0x0000000743c00000, 0x0000000743a00000| Untracked 
|  16|0x0000000743c00000, 0x0000000743e00000, 0x0000000743e00000|100%| O|  |TAMS 0x0000000743e00000, 0x0000000743c00000| Untracked 
|  17|0x0000000743e00000, 0x0000000744000000, 0x0000000744000000|100%| O|  |TAMS 0x0000000744000000, 0x0000000743e00000| Untracked 
|  18|0x0000000744000000, 0x0000000744200000, 0x0000000744200000|100%| O|  |TAMS 0x0000000744200000, 0x0000000744000000| Untracked 
|  19|0x0000000744200000, 0x0000000744400000, 0x0000000744400000|100%| O|  |TAMS 0x0000000744400000, 0x0000000744200000| Untracked 
|  20|0x0000000744400000, 0x00000007445a3600, 0x0000000744600000| 81%| O|  |TAMS 0x00000007445a3600, 0x0000000744400000| Untracked 
|  21|0x0000000744600000, 0x0000000744600000, 0x0000000744800000|  0%| F|  |TAMS 0x0000000744600000, 0x0000000744600000| Untracked 
|  22|0x0000000744800000, 0x0000000744800000, 0x0000000744a00000|  0%| F|  |TAMS 0x0000000744800000, 0x0000000744800000| Untracked 
|  23|0x0000000744a00000, 0x0000000744a00000, 0x0000000744c00000|  0%| F|  |TAMS 0x0000000744a00000, 0x0000000744a00000| Untracked 
|  24|0x0000000744c00000, 0x0000000744c00000, 0x0000000744e00000|  0%| F|  |TAMS 0x0000000744c00000, 0x0000000744c00000| Untracked 
|  25|0x0000000744e00000, 0x0000000744e00000, 0x0000000745000000|  0%| F|  |TAMS 0x0000000744e00000, 0x0000000744e00000| Untracked 
|  26|0x0000000745000000, 0x0000000745000000, 0x0000000745200000|  0%| F|  |TAMS 0x0000000745000000, 0x0000000745000000| Untracked 
|  27|0x0000000745200000, 0x0000000745200000, 0x0000000745400000|  0%| F|  |TAMS 0x0000000745200000, 0x0000000745200000| Untracked 
|  28|0x0000000745400000, 0x00000007454e5f60, 0x0000000745600000| 44%| S|CS|TAMS 0x0000000745400000, 0x0000000745400000| Complete 
|  29|0x0000000745600000, 0x0000000745800000, 0x0000000745800000|100%| S|CS|TAMS 0x0000000745600000, 0x0000000745600000| Complete 
|  30|0x0000000745800000, 0x0000000745800000, 0x0000000745a00000|  0%| F|  |TAMS 0x0000000745800000, 0x0000000745800000| Untracked 
|  31|0x0000000745a00000, 0x0000000745a00000, 0x0000000745c00000|  0%| F|  |TAMS 0x0000000745a00000, 0x0000000745a00000| Untracked 
|  32|0x0000000745c00000, 0x0000000745c00000, 0x0000000745e00000|  0%| F|  |TAMS 0x0000000745c00000, 0x0000000745c00000| Untracked 
|  33|0x0000000745e00000, 0x0000000745e00000, 0x0000000746000000|  0%| F|  |TAMS 0x0000000745e00000, 0x0000000745e00000| Untracked 
|  34|0x0000000746000000, 0x0000000746000000, 0x0000000746200000|  0%| F|  |TAMS 0x0000000746000000, 0x0000000746000000| Untracked 
|  35|0x0000000746200000, 0x0000000746400000, 0x0000000746400000|100%| E|  |TAMS 0x0000000746200000, 0x0000000746200000| Complete 
|  36|0x0000000746400000, 0x0000000746600000, 0x0000000746600000|100%| E|CS|TAMS 0x0000000746400000, 0x0000000746400000| Complete 
|  90|0x000000074d000000, 0x000000074d200000, 0x000000074d200000|100%| E|CS|TAMS 0x000000074d000000, 0x000000074d000000| Complete 
|  91|0x000000074d200000, 0x000000074d400000, 0x000000074d400000|100%| E|CS|TAMS 0x000000074d200000, 0x000000074d200000| Complete 
|  92|0x000000074d400000, 0x000000074d600000, 0x000000074d600000|100%| E|CS|TAMS 0x000000074d400000, 0x000000074d400000| Complete 
|  93|0x000000074d600000, 0x000000074d800000, 0x000000074d800000|100%| E|CS|TAMS 0x000000074d600000, 0x000000074d600000| Complete 
|  95|0x000000074da00000, 0x000000074dc00000, 0x000000074dc00000|100%| E|CS|TAMS 0x000000074da00000, 0x000000074da00000| Complete 

Card table byte_map: [0x00000256e1f50000,0x00000256e2550000] _byte_map_base: 0x00000256de542000

Marking Bits (Prev, Next): (CMBitMap*) 0x00000256cd234b70, (CMBitMap*) 0x00000256cd234b30
 Prev Bits: [0x00000256e5ae0000, 0x00000256e8a70000)
 Next Bits: [0x00000256e2b50000, 0x00000256e5ae0000)

Polling page: 0x00000256cd2b0000

Metaspace:

Usage:
  Non-class:     49.26 MB used.
      Class:      6.62 MB used.
       Both:     55.88 MB used.

Virtual space:
  Non-class space:       56.00 MB reserved,      49.38 MB ( 88%) committed,  7 nodes.
      Class space:        1.00 GB reserved,       6.75 MB ( <1%) committed,  1 nodes.
             Both:        1.05 GB reserved,      56.12 MB (  5%) committed. 

Chunk freelists:
   Non-Class:  2.14 MB
       Class:  1.20 MB
        Both:  3.34 MB

MaxMetaspaceSize: unlimited
CompressedClassSpaceSize: 1.00 GB
Initial GC threshold: 21.00 MB
Current GC threshold: 90.88 MB
CDS: off
MetaspaceReclaimPolicy: balanced
 - commit_granule_bytes: 65536.
 - commit_granule_words: 8192.
 - virtual_space_node_default_size: 1048576.
 - enlarge_chunks_in_place: 1.
 - new_chunks_are_fully_committed: 0.
 - uncommit_free_chunks: 1.
 - use_allocation_guard: 0.
 - handle_deallocations: 1.


Internal statistics:

num_allocs_failed_limit: 6.
num_arena_births: 242.
num_arena_deaths: 0.
num_vsnodes_births: 8.
num_vsnodes_deaths: 0.
num_space_committed: 896.
num_space_uncommitted: 0.
num_chunks_returned_to_freelist: 6.
num_chunks_taken_from_freelist: 1909.
num_chunk_merges: 6.
num_chunk_splits: 1564.
num_chunks_enlarged: 1392.
num_purges: 0.
num_inconsistent_stats: 0.

CodeHeap 'non-profiled nmethods': size=120000Kb used=2862Kb max_used=2891Kb free=117137Kb
 bounds [0x00000256d9990000, 0x00000256d9c70000, 0x00000256e0ec0000]
CodeHeap 'profiled nmethods': size=120000Kb used=11695Kb max_used=12843Kb free=108304Kb
 bounds [0x00000256d1ec0000, 0x00000256d2b50000, 0x00000256d93f0000]
CodeHeap 'non-nmethods': size=5760Kb used=1303Kb max_used=1364Kb free=4457Kb
 bounds [0x00000256d93f0000, 0x00000256d9660000, 0x00000256d9990000]
 total_blobs=5841 nmethods=5222 adapters=530
 compilation: enabled
              stopped_count=0, restarted_count=0
 full_count=0

Compilation events (20 events):
Event: 4.333 Thread 0x00000256ec07e0b0 nmethod 6120 0x00000256d2857890 code [0x00000256d2857aa0, 0x00000256d2858118]
Event: 4.333 Thread 0x00000256ec07e0b0 6121       3       org.jetbrains.kotlin.resolve.scopes.LexicalChainedScope::definitelyDoesNotContainName (63 bytes)
Event: 4.334 Thread 0x00000256ec25ff00 nmethod 6107 0x00000256d9a66710 code [0x00000256d9a668c0, 0x00000256d9a66dd8]
Event: 4.334 Thread 0x00000256ec07e0b0 nmethod 6121 0x00000256d216e710 code [0x00000256d216e940, 0x00000256d216f108]
Event: 4.334 Thread 0x00000256ec07e0b0 6115       3       org.jetbrains.kotlin.builtins.functions.BuiltInFictitiousFunctionClassFactory::shouldCreateClass (88 bytes)
Event: 4.334 Thread 0x00000256ec07e0b0 nmethod 6115 0x00000256d250b290 code [0x00000256d250b5c0, 0x00000256d250c5a8]
Event: 4.334 Thread 0x00000256ec07e0b0 6116       3       org.jetbrains.kotlin.builtins.jvm.JvmBuiltInClassDescriptorFactory::shouldCreateClass (38 bytes)
Event: 4.335 Thread 0x00000256ec07e0b0 nmethod 6116 0x00000256d21ef910 code [0x00000256d21efbe0, 0x00000256d21f08d8]
Event: 4.335 Thread 0x00000256ec07e0b0 6118       3       org.jetbrains.kotlin.resolve.scopes.MemberScope$DefaultImpls::recordLookup (22 bytes)
Event: 4.336 Thread 0x00000256ec07e0b0 nmethod 6118 0x00000256d21b3190 code [0x00000256d21b3520, 0x00000256d21b4b08]
Event: 4.336 Thread 0x00000256ec07e0b0 6114       3       org.jetbrains.kotlin.resolve.lazy.LazyImportResolver::definitelyDoesNotContainName (48 bytes)
Event: 4.336 Thread 0x00000256ec07e0b0 nmethod 6114 0x00000256d2491190 code [0x00000256d24913e0, 0x00000256d2491d98]
Event: 4.336 Thread 0x00000256ec07e0b0 6111       3       org.jetbrains.kotlin.psi.KtExpression$$Lambda$157/0x0000000800575b70::create (8 bytes)
Event: 4.336 Thread 0x00000256ec07e0b0 nmethod 6111 0x00000256d1fa5190 code [0x00000256d1fa5340, 0x00000256d1fa5698]
Event: 4.336 Thread 0x00000256ec07e0b0 6112       3       org.jetbrains.kotlin.psi.KtExpression::lambda$static$0 (15 bytes)
Event: 4.337 Thread 0x00000256ec07e0b0 nmethod 6112 0x00000256d2490d10 code [0x00000256d2490ea0, 0x00000256d2491098]
Event: 4.337 Thread 0x00000256ec07e0b0 6119       1       org.jetbrains.kotlin.resolve.scopes.LexicalScopeStorage::getAddedDescriptors (5 bytes)
Event: 4.337 Thread 0x00000256ec07e0b0 nmethod 6119 0x00000256d9a66410 code [0x00000256d9a665a0, 0x00000256d9a66678]
Event: 4.337 Thread 0x00000256ec07e0b0 6122       3       java.util.HashMap::remove (26 bytes)
Event: 4.337 Thread 0x00000256ec07e0b0 nmethod 6122 0x00000256d216e090 code [0x00000256d216e260, 0x00000256d216e5d8]

GC Heap History (20 events):
Event: 2.108 GC heap before
{Heap before GC invocations=9 (full 0):
 garbage-first heap   total 61440K, used 42894K [0x0000000741c00000, 0x0000000800000000)
  region size 2048K, 10 young (20480K), 1 survivors (2048K)
 Metaspace       used 39190K, committed 39424K, reserved 1089536K
  class space    used 4899K, committed 4992K, reserved 1048576K
}
Event: 2.112 GC heap after
{Heap after GC invocations=10 (full 0):
 garbage-first heap   total 61440K, used 24839K [0x0000000741c00000, 0x0000000800000000)
  region size 2048K, 2 young (4096K), 2 survivors (4096K)
 Metaspace       used 39190K, committed 39424K, reserved 1089536K
  class space    used 4899K, committed 4992K, reserved 1048576K
}
Event: 2.315 GC heap before
{Heap before GC invocations=10 (full 0):
 garbage-first heap   total 61440K, used 41223K [0x0000000741c00000, 0x0000000800000000)
  region size 2048K, 11 young (22528K), 2 survivors (4096K)
 Metaspace       used 43021K, committed 43328K, reserved 1089536K
  class space    used 5239K, committed 5376K, reserved 1048576K
}
Event: 2.319 GC heap after
{Heap after GC invocations=11 (full 0):
 garbage-first heap   total 61440K, used 26275K [0x0000000741c00000, 0x0000000800000000)
  region size 2048K, 1 young (2048K), 1 survivors (2048K)
 Metaspace       used 43021K, committed 43328K, reserved 1089536K
  class space    used 5239K, committed 5376K, reserved 1048576K
}
Event: 2.603 GC heap before
{Heap before GC invocations=11 (full 0):
 garbage-first heap   total 61440K, used 42659K [0x0000000741c00000, 0x0000000800000000)
  region size 2048K, 10 young (20480K), 1 survivors (2048K)
 Metaspace       used 47900K, committed 48192K, reserved 1097728K
  class space    used 5825K, committed 5952K, reserved 1048576K
}
Event: 2.607 GC heap after
{Heap after GC invocations=12 (full 0):
 garbage-first heap   total 61440K, used 27464K [0x0000000741c00000, 0x0000000800000000)
  region size 2048K, 2 young (4096K), 2 survivors (4096K)
 Metaspace       used 47900K, committed 48192K, reserved 1097728K
  class space    used 5825K, committed 5952K, reserved 1048576K
}
Event: 2.765 GC heap before
{Heap before GC invocations=12 (full 0):
 garbage-first heap   total 61440K, used 45896K [0x0000000741c00000, 0x0000000800000000)
  region size 2048K, 10 young (20480K), 2 survivors (4096K)
 Metaspace       used 48900K, committed 49216K, reserved 1097728K
  class space    used 5925K, committed 6080K, reserved 1048576K
}
Event: 2.771 GC heap after
{Heap after GC invocations=13 (full 0):
 garbage-first heap   total 61440K, used 32694K [0x0000000741c00000, 0x0000000800000000)
  region size 2048K, 2 young (4096K), 2 survivors (4096K)
 Metaspace       used 48900K, committed 49216K, reserved 1097728K
  class space    used 5925K, committed 6080K, reserved 1048576K
}
Event: 2.813 GC heap before
{Heap before GC invocations=13 (full 0):
 garbage-first heap   total 61440K, used 47030K [0x0000000741c00000, 0x0000000800000000)
  region size 2048K, 9 young (18432K), 2 survivors (4096K)
 Metaspace       used 48983K, committed 49280K, reserved 1097728K
  class space    used 5925K, committed 6080K, reserved 1048576K
}
Event: 2.820 GC heap after
{Heap after GC invocations=14 (full 0):
 garbage-first heap   total 73728K, used 33519K [0x0000000741c00000, 0x0000000800000000)
  region size 2048K, 1 young (2048K), 1 survivors (2048K)
 Metaspace       used 48983K, committed 49280K, reserved 1097728K
  class space    used 5925K, committed 6080K, reserved 1048576K
}
Event: 3.010 GC heap before
{Heap before GC invocations=15 (full 0):
 garbage-first heap   total 73728K, used 53999K [0x0000000741c00000, 0x0000000800000000)
  region size 2048K, 11 young (22528K), 1 survivors (2048K)
 Metaspace       used 50122K, committed 50432K, reserved 1097728K
  class space    used 6071K, committed 6208K, reserved 1048576K
}
Event: 3.015 GC heap after
{Heap after GC invocations=16 (full 0):
 garbage-first heap   total 73728K, used 35232K [0x0000000741c00000, 0x0000000800000000)
  region size 2048K, 2 young (4096K), 2 survivors (4096K)
 Metaspace       used 50122K, committed 50432K, reserved 1097728K
  class space    used 6071K, committed 6208K, reserved 1048576K
}
Event: 3.391 GC heap before
{Heap before GC invocations=16 (full 0):
 garbage-first heap   total 73728K, used 55712K [0x0000000741c00000, 0x0000000800000000)
  region size 2048K, 12 young (24576K), 2 survivors (4096K)
 Metaspace       used 52208K, committed 52480K, reserved 1097728K
  class space    used 6249K, committed 6400K, reserved 1048576K
}
Event: 3.400 GC heap after
{Heap after GC invocations=17 (full 0):
 garbage-first heap   total 73728K, used 39282K [0x0000000741c00000, 0x0000000800000000)
  region size 2048K, 2 young (4096K), 2 survivors (4096K)
 Metaspace       used 52208K, committed 52480K, reserved 1097728K
  class space    used 6249K, committed 6400K, reserved 1048576K
}
Event: 3.657 GC heap before
{Heap before GC invocations=17 (full 0):
 garbage-first heap   total 73728K, used 55666K [0x0000000741c00000, 0x0000000800000000)
  region size 2048K, 10 young (20480K), 2 survivors (4096K)
 Metaspace       used 52644K, committed 52928K, reserved 1097728K
  class space    used 6263K, committed 6400K, reserved 1048576K
}
Event: 3.668 GC heap after
{Heap after GC invocations=18 (full 0):
 garbage-first heap   total 73728K, used 42201K [0x0000000741c00000, 0x0000000800000000)
  region size 2048K, 2 young (4096K), 2 survivors (4096K)
 Metaspace       used 52644K, committed 52928K, reserved 1097728K
  class space    used 6263K, committed 6400K, reserved 1048576K
}
Event: 3.837 GC heap before
{Heap before GC invocations=19 (full 0):
 garbage-first heap   total 81920K, used 54489K [0x0000000741c00000, 0x0000000800000000)
  region size 2048K, 8 young (16384K), 2 survivors (4096K)
 Metaspace       used 52951K, committed 53248K, reserved 1097728K
  class space    used 6284K, committed 6400K, reserved 1048576K
}
Event: 3.847 GC heap after
{Heap after GC invocations=20 (full 0):
 garbage-first heap   total 81920K, used 44685K [0x0000000741c00000, 0x0000000800000000)
  region size 2048K, 1 young (2048K), 1 survivors (2048K)
 Metaspace       used 52951K, committed 53248K, reserved 1097728K
  class space    used 6284K, committed 6400K, reserved 1048576K
}
Event: 4.011 GC heap before
{Heap before GC invocations=20 (full 0):
 garbage-first heap   total 81920K, used 63117K [0x0000000741c00000, 0x0000000800000000)
  region size 2048K, 10 young (20480K), 1 survivors (2048K)
 Metaspace       used 55169K, committed 55424K, reserved 1105920K
  class space    used 6524K, committed 6656K, reserved 1048576K
}
Event: 4.017 GC heap after
{Heap after GC invocations=21 (full 0):
 garbage-first heap   total 81920K, used 45605K [0x0000000741c00000, 0x0000000800000000)
  region size 2048K, 2 young (4096K), 2 survivors (4096K)
 Metaspace       used 55169K, committed 55424K, reserved 1105920K
  class space    used 6524K, committed 6656K, reserved 1048576K
}

Dll operation events (2 events):
Event: 0.006 Loaded shared library C:\Program Files\Android\Android Studio\jbr\bin\java.dll
Event: 0.857 Loaded shared library C:\Program Files\Android\Android Studio\jbr\bin\verify.dll

Deoptimization events (20 events):
Event: 4.306 Thread 0x00000256cd1d9230 Uncommon trap: trap_request=0xffffffc6 fr.pc=0x00000256d9a1d110 relative=0x00000000000010b0
Event: 4.306 Thread 0x00000256cd1d9230 Uncommon trap: reason=bimorphic_or_optimized_type_check action=maybe_recompile pc=0x00000256d9a1d110 method=gnu.trove.TObjectHash.insertionIndex(Ljava/lang/Object;)I @ 30 c2
Event: 4.306 Thread 0x00000256cd1d9230 DEOPT PACKING pc=0x00000256d9a1d110 sp=0x000000b5a28fb840
Event: 4.306 Thread 0x00000256cd1d9230 DEOPT UNPACKING pc=0x00000256d94469a3 sp=0x000000b5a28fb7e0 mode 2
Event: 4.306 Thread 0x00000256cd1d9230 Uncommon trap: trap_request=0xffffffc6 fr.pc=0x00000256d9a1d110 relative=0x00000000000010b0
Event: 4.306 Thread 0x00000256cd1d9230 Uncommon trap: reason=bimorphic_or_optimized_type_check action=maybe_recompile pc=0x00000256d9a1d110 method=gnu.trove.TObjectHash.insertionIndex(Ljava/lang/Object;)I @ 30 c2
Event: 4.306 Thread 0x00000256cd1d9230 DEOPT PACKING pc=0x00000256d9a1d110 sp=0x000000b5a28fb840
Event: 4.306 Thread 0x00000256cd1d9230 DEOPT UNPACKING pc=0x00000256d94469a3 sp=0x000000b5a28fb7e0 mode 2
Event: 4.326 Thread 0x00000256cd1d9230 Uncommon trap: trap_request=0xffffff45 fr.pc=0x00000256d9c46414 relative=0x0000000000001154
Event: 4.326 Thread 0x00000256cd1d9230 Uncommon trap: reason=unstable_if action=reinterpret pc=0x00000256d9c46414 method=org.jetbrains.kotlin.resolve.DescriptorUtils.getFqNameSafeIfPossible(Lorg/jetbrains/kotlin/descriptors/DeclarationDescriptor;)Lorg/jetbrains/kotlin/name/FqName; @ 12 c2
Event: 4.326 Thread 0x00000256cd1d9230 DEOPT PACKING pc=0x00000256d9c46414 sp=0x000000b5a28fa1d0
Event: 4.326 Thread 0x00000256cd1d9230 DEOPT UNPACKING pc=0x00000256d94469a3 sp=0x000000b5a28fa0d8 mode 2
Event: 4.326 Thread 0x00000256cd1d9230 Uncommon trap: trap_request=0xffffff45 fr.pc=0x00000256d9bff230 relative=0x0000000000000710
Event: 4.326 Thread 0x00000256cd1d9230 Uncommon trap: reason=unstable_if action=reinterpret pc=0x00000256d9bff230 method=org.jetbrains.kotlin.name.FqNameUnsafe.child(Lorg/jetbrains/kotlin/name/Name;)Lorg/jetbrains/kotlin/name/FqNameUnsafe; @ 13 c2
Event: 4.326 Thread 0x00000256cd1d9230 DEOPT PACKING pc=0x00000256d9bff230 sp=0x000000b5a28fa150
Event: 4.326 Thread 0x00000256cd1d9230 DEOPT UNPACKING pc=0x00000256d94469a3 sp=0x000000b5a28fa128 mode 2
Event: 4.328 Thread 0x00000256cd1d9230 Uncommon trap: trap_request=0xffffff45 fr.pc=0x00000256d9c028f0 relative=0x0000000000000150
Event: 4.328 Thread 0x00000256cd1d9230 Uncommon trap: reason=unstable_if action=reinterpret pc=0x00000256d9c028f0 method=org.jetbrains.kotlin.resolve.DescriptorUtils.getFqNameSafeIfPossible(Lorg/jetbrains/kotlin/descriptors/DeclarationDescriptor;)Lorg/jetbrains/kotlin/name/FqName; @ 12 c2
Event: 4.328 Thread 0x00000256cd1d9230 DEOPT PACKING pc=0x00000256d9c028f0 sp=0x000000b5a28f9e20
Event: 4.328 Thread 0x00000256cd1d9230 DEOPT UNPACKING pc=0x00000256d94469a3 sp=0x000000b5a28f9dc8 mode 2

Classes unloaded (0 events):
No events

Classes redefined (0 events):
No events

Internal exceptions (20 events):
Event: 1.335 Thread 0x00000256cd1d9230 Exception <a 'java/lang/NoSuchMethodError'{0x0000000742e087e0}: 'void java.lang.invoke.DirectMethodHandle$Holder.invokeStaticInit(java.lang.Object, java.lang.Object)'> (0x0000000742e087e0) 
thrown [s\src\hotspot\share\interpreter\linkResolver.cpp, line 771]
Event: 1.406 Thread 0x00000256cd1d9230 Exception <a 'java/lang/NoSuchMethodError'{0x000000074d6cae00}: 'void java.lang.invoke.DirectMethodHandle$Holder.invokeVirtual(java.lang.Object, java.lang.Object)'> (0x000000074d6cae00) 
thrown [s\src\hotspot\share\interpreter\linkResolver.cpp, line 771]
Event: 1.411 Thread 0x00000256cd1d9230 Exception <a 'java/lang/NoSuchMethodError'{0x000000074d71bdc0}: 'int java.lang.invoke.DirectMethodHandle$Holder.invokeVirtual(java.lang.Object, java.lang.Object)'> (0x000000074d71bdc0) 
thrown [s\src\hotspot\share\interpreter\linkResolver.cpp, line 771]
Event: 1.423 Thread 0x00000256cd1d9230 Exception <a 'java/lang/NoSuchMethodError'{0x000000074d7c18a0}: 'java.lang.Object java.lang.invoke.Invokers$Holder.invokeExact_MT(java.lang.Object, java.lang.Object, java.lang.Object, java.lang.Object, java.lang.Object, java.lang.Object)'> (0x000000074d7c18a0) 
thrown [s\src\hotspot\share\interpreter\linkResolver.cpp, line 771]
Event: 1.920 Thread 0x00000256cd1d9230 Exception <a 'java/lang/NoSuchMethodError'{0x000000074d61e490}: 'java.lang.Object java.lang.invoke.DirectMethodHandle$Holder.invokeVirtual(java.lang.Object, java.lang.Object, java.lang.Object)'> (0x000000074d61e490) 
thrown [s\src\hotspot\share\interpreter\linkResolver.cpp, line 771]
Event: 2.399 Thread 0x00000256cd1d9230 Exception <a 'java/lang/NoSuchMethodError'{0x000000074d5c6408}: 'java.lang.Object java.lang.invoke.DirectMethodHandle$Holder.newInvokeSpecial(java.lang.Object, java.lang.Object, int)'> (0x000000074d5c6408) 
thrown [s\src\hotspot\share\interpreter\linkResolver.cpp, line 771]
Event: 2.433 Thread 0x00000256cd1d9230 Exception <a 'java/lang/NoSuchMethodError'{0x000000074d35e138}: 'java.lang.Object java.lang.invoke.DirectMethodHandle$Holder.newInvokeSpecial(java.lang.Object, java.lang.Object, java.lang.Object, int)'> (0x000000074d35e138) 
thrown [s\src\hotspot\share\interpreter\linkResolver.cpp, line 771]
Event: 2.434 Thread 0x00000256cd1d9230 Exception <a 'java/lang/NoSuchMethodError'{0x000000074d3627c0}: 'java.lang.Object java.lang.invoke.DirectMethodHandle$Holder.invokeSpecial(java.lang.Object, java.lang.Object, java.lang.Object, java.lang.Object, int)'> (0x000000074d3627c0) 
thrown [s\src\hotspot\share\interpreter\linkResolver.cpp, line 771]
Event: 2.434 Thread 0x00000256cd1d9230 Exception <a 'java/lang/NoSuchMethodError'{0x000000074d366630}: 'java.lang.Object java.lang.invoke.Invokers$Holder.linkToTargetMethod(java.lang.Object, java.lang.Object, int, java.lang.Object)'> (0x000000074d366630) 
thrown [s\src\hotspot\share\interpreter\linkResolver.cpp, line 771]
Event: 2.670 Thread 0x00000256cd1d9230 Exception <a 'java/lang/NoSuchMethodError'{0x000000074d4d9870}: 'java.lang.Object java.lang.invoke.DirectMethodHandle$Holder.invokeInterface(java.lang.Object, java.lang.Object)'> (0x000000074d4d9870) 
thrown [s\src\hotspot\share\interpreter\linkResolver.cpp, line 771]
Event: 3.208 Thread 0x00000256cd1d9230 Exception <a 'java/lang/NoSuchMethodError'{0x000000074599b4b8}: 'java.lang.Object java.lang.invoke.DirectMethodHandle$Holder.invokeStaticInit(java.lang.Object, java.lang.Object, java.lang.Object)'> (0x000000074599b4b8) 
thrown [s\src\hotspot\share\interpreter\linkResolver.cpp, line 771]
Event: 3.602 Thread 0x00000256cd1d9230 Implicit null exception at 0x00000256d99dbcef to 0x00000256d99dbee0
Event: 3.602 Thread 0x00000256cd1d9230 Implicit null exception at 0x00000256d99f178f to 0x00000256d99f1809
Event: 3.823 Thread 0x00000256cd1d9230 Exception <a 'java/lang/NoSuchMethodError'{0x00000007460eb6d8}: 'int java.lang.invoke.DirectMethodHandle$Holder.invokeInterface(java.lang.Object, java.lang.Object)'> (0x00000007460eb6d8) 
thrown [s\src\hotspot\share\interpreter\linkResolver.cpp, line 771]
Event: 3.992 Thread 0x00000256cd1d9230 Exception <a 'java/lang/NoSuchMethodError'{0x0000000745881418}: 'java.lang.Object java.lang.invoke.DirectMethodHandle$Holder.newInvokeSpecial(java.lang.Object, java.lang.Object, java.lang.Object, java.lang.Object, java.lang.Object, java.lang.Object)'> (0x0000000745881418) 
thrown [s\src\hotspot\share\interpreter\linkResolver.cpp, line 771]
Event: 4.073 Thread 0x00000256cd1d9230 Implicit null exception at 0x00000256d9aef44c to 0x00000256d9aef554
Event: 4.267 Thread 0x00000256cd1d9230 Exception <a 'java/lang/NoSuchMethodError'{0x000000074d1810c8}: 'int java.lang.invoke.DirectMethodHandle$Holder.invokeStaticInit(java.lang.Object, int)'> (0x000000074d1810c8) 
thrown [s\src\hotspot\share\interpreter\linkResolver.cpp, line 771]
Event: 4.291 Thread 0x00000256cd1d9230 Exception <a 'java/lang/NoSuchMethodError'{0x000000074623f2a0}: 'java.lang.Object java.lang.invoke.DirectMethodHandle$Holder.newInvokeSpecial(java.lang.Object, int, java.lang.Object)'> (0x000000074623f2a0) 
thrown [s\src\hotspot\share\interpreter\linkResolver.cpp, line 771]
Event: 4.323 Thread 0x00000256cd1d9230 Exception <a 'java/lang/NoSuchMethodError'{0x00000007463798a0}: 'java.lang.Object java.lang.invoke.DirectMethodHandle$Holder.newInvokeSpecial(java.lang.Object, java.lang.Object, java.lang.Object, java.lang.Object, java.lang.Object, java.lang.Object, java.lang.Object)'> (0x00000007463798a0) 
thrown [s\src\hotspot\share\interpreter\linkResolver.cpp, line 771]
Event: 4.323 Thread 0x00000256cd1d9230 Exception <a 'java/lang/NoSuchMethodError'{0x000000074637e458}: 'java.lang.Object java.lang.invoke.Invokers$Holder.linkToTargetMethod(java.lang.Object, java.lang.Object, java.lang.Object, java.lang.Object, java.lang.Object, java.lang.Object, java.lang.Object)'> (0x000000074637e458) 
thrown [s\src\hotspot\share\interpreter\linkResolver.cpp, line 771]

VM Operations (20 events):
Event: 4.011 Executing VM operation: G1CollectForAllocation
Event: 4.017 Executing VM operation: G1CollectForAllocation done
Event: 4.031 Executing VM operation: HandshakeAllThreads
Event: 4.031 Executing VM operation: HandshakeAllThreads done
Event: 4.053 Executing VM operation: G1Concurrent
Event: 4.057 Executing VM operation: G1Concurrent done
Event: 4.062 Executing VM operation: HandshakeAllThreads
Event: 4.062 Executing VM operation: HandshakeAllThreads done
Event: 4.076 Executing VM operation: G1Concurrent
Event: 4.076 Executing VM operation: G1Concurrent done
Event: 4.150 Executing VM operation: HandshakeAllThreads
Event: 4.150 Executing VM operation: HandshakeAllThreads done
Event: 4.214 Executing VM operation: ICBufferFull
Event: 4.214 Executing VM operation: ICBufferFull done
Event: 4.285 Executing VM operation: HandshakeAllThreads
Event: 4.285 Executing VM operation: HandshakeAllThreads done
Event: 4.289 Executing VM operation: HandshakeAllThreads
Event: 4.289 Executing VM operation: HandshakeAllThreads done
Event: 4.294 Executing VM operation: ICBufferFull
Event: 4.294 Executing VM operation: ICBufferFull done

Events (20 events):
Event: 3.989 Thread 0x00000256ec07eaa0 flushing nmethod 0x00000256d282be10
Event: 3.989 Thread 0x00000256ec07eaa0 flushing nmethod 0x00000256d2857590
Event: 3.989 Thread 0x00000256ec07eaa0 flushing nmethod 0x00000256d2858290
Event: 3.989 Thread 0x00000256ec07eaa0 flushing nmethod 0x00000256d28a0890
Event: 3.989 Thread 0x00000256ec07eaa0 flushing nmethod 0x00000256d28feb90
Event: 3.989 Thread 0x00000256ec07eaa0 flushing nmethod 0x00000256d292dd90
Event: 3.989 Thread 0x00000256ec07eaa0 flushing nmethod 0x00000256d292f790
Event: 3.989 Thread 0x00000256ec07eaa0 flushing nmethod 0x00000256d2933110
Event: 3.989 Thread 0x00000256ec07eaa0 flushing nmethod 0x00000256d2942e10
Event: 3.989 Thread 0x00000256ec07eaa0 flushing nmethod 0x00000256d295c710
Event: 3.990 Thread 0x00000256ec07eaa0 flushing nmethod 0x00000256d2ad2b90
Event: 3.990 Thread 0x00000256ec07eaa0 flushing nmethod 0x00000256d2adbf90
Event: 3.990 Thread 0x00000256ec07eaa0 flushing nmethod 0x00000256d2ae3c10
Event: 3.990 Thread 0x00000256ec07eaa0 flushing nmethod 0x00000256d2b02b10
Event: 3.990 Thread 0x00000256ec07eaa0 flushing nmethod 0x00000256d2b05b10
Event: 3.990 Thread 0x00000256ec07eaa0 flushing nmethod 0x00000256d2b06110
Event: 3.990 Thread 0x00000256ec07eaa0 flushing nmethod 0x00000256d2b06510
Event: 3.990 Thread 0x00000256ec07eaa0 flushing nmethod 0x00000256d2b07890
Event: 3.990 Thread 0x00000256ec07eaa0 flushing nmethod 0x00000256d2b09810
Event: 3.990 Thread 0x00000256ec07eaa0 flushing nmethod 0x00000256d2b1c690


Dynamic libraries:
0x00007ff7edca0000 - 0x00007ff7edcaa000 	C:\Program Files\Android\Android Studio\jbr\bin\java.exe
0x00007ffcf6670000 - 0x00007ffcf6868000 	C:\WINDOWS\SYSTEM32\ntdll.dll
0x00007ffcf6260000 - 0x00007ffcf631f000 	C:\WINDOWS\System32\KERNEL32.DLL
0x00007ffcf4090000 - 0x00007ffcf4386000 	C:\WINDOWS\System32\KERNELBASE.dll
0x00007ffcf3e10000 - 0x00007ffcf3f10000 	C:\WINDOWS\System32\ucrtbase.dll
0x00007ffcda3b0000 - 0x00007ffcda3c7000 	C:\Program Files\Android\Android Studio\jbr\bin\jli.dll
0x00007ffce7c80000 - 0x00007ffce7c9b000 	C:\Program Files\Android\Android Studio\jbr\bin\VCRUNTIME140.dll
0x00007ffcf4e60000 - 0x00007ffcf4ffd000 	C:\WINDOWS\System32\USER32.dll
0x00007ffcf3220000 - 0x00007ffcf34ba000 	C:\WINDOWS\WinSxS\amd64_microsoft.windows.common-controls_6595b64144ccf1df_6.0.19041.1110_none_60b5254171f9507e\COMCTL32.dll
0x00007ffcf4060000 - 0x00007ffcf4082000 	C:\WINDOWS\System32\win32u.dll
0x00007ffcf64f0000 - 0x00007ffcf658e000 	C:\WINDOWS\System32\msvcrt.dll
0x00007ffcf50e0000 - 0x00007ffcf510c000 	C:\WINDOWS\System32\GDI32.dll
0x00007ffcf3f40000 - 0x00007ffcf4055000 	C:\WINDOWS\System32\gdi32full.dll
0x00007ffcf4390000 - 0x00007ffcf442d000 	C:\WINDOWS\System32\msvcp_win.dll
0x00007ffcf5110000 - 0x00007ffcf5140000 	C:\WINDOWS\System32\IMM32.DLL
0x00007ffce9fb0000 - 0x00007ffce9fbc000 	C:\Program Files\Android\Android Studio\jbr\bin\vcruntime140_1.dll
0x00007ffce76d0000 - 0x00007ffce775d000 	C:\Program Files\Android\Android Studio\jbr\bin\msvcp140.dll
0x00007ffc9c0a0000 - 0x00007ffc9cd0e000 	C:\Program Files\Android\Android Studio\jbr\bin\server\jvm.dll
0x00007ffcf5150000 - 0x00007ffcf51ff000 	C:\WINDOWS\System32\ADVAPI32.dll
0x00007ffcf46d0000 - 0x00007ffcf476c000 	C:\WINDOWS\System32\sechost.dll
0x00007ffcf6120000 - 0x00007ffcf6246000 	C:\WINDOWS\System32\RPCRT4.dll
0x00007ffcd4ee0000 - 0x00007ffcd4ee9000 	C:\WINDOWS\SYSTEM32\WSOCK32.dll
0x00007ffcd9070000 - 0x00007ffcd9097000 	C:\WINDOWS\SYSTEM32\WINMM.dll
0x00007ffcf1a80000 - 0x00007ffcf1a8a000 	C:\WINDOWS\SYSTEM32\VERSION.dll
0x00007ffcf5200000 - 0x00007ffcf526b000 	C:\WINDOWS\System32\WS2_32.dll
0x00007ffcf0e00000 - 0x00007ffcf0e12000 	C:\WINDOWS\SYSTEM32\kernel.appcore.dll
0x00007ffcea9d0000 - 0x00007ffcea9da000 	C:\Program Files\Android\Android Studio\jbr\bin\jimage.dll
0x00007ffcf3760000 - 0x00007ffcf3944000 	C:\WINDOWS\SYSTEM32\DBGHELP.DLL
0x00007ffcf36a0000 - 0x00007ffcf36d4000 	C:\WINDOWS\SYSTEM32\dbgcore.DLL
0x00007ffcf4640000 - 0x00007ffcf46c2000 	C:\WINDOWS\System32\bcryptPrimitives.dll
0x00007ffcda6f0000 - 0x00007ffcda715000 	C:\Program Files\Android\Android Studio\jbr\bin\java.dll
0x00007ffcea960000 - 0x00007ffcea978000 	C:\Program Files\Android\Android Studio\jbr\bin\zip.dll
0x00007ffcf5540000 - 0x00007ffcf5c84000 	C:\WINDOWS\System32\SHELL32.dll
0x00007ffcf0fd0000 - 0x00007ffcf1763000 	C:\WINDOWS\SYSTEM32\windows.storage.dll
0x00007ffcf5c90000 - 0x00007ffcf5fe4000 	C:\WINDOWS\System32\combase.dll
0x00007ffcf2f50000 - 0x00007ffcf2f7e000 	C:\WINDOWS\SYSTEM32\Wldp.dll
0x00007ffcf6440000 - 0x00007ffcf64ed000 	C:\WINDOWS\System32\SHCORE.dll
0x00007ffcf52d0000 - 0x00007ffcf5325000 	C:\WINDOWS\System32\shlwapi.dll
0x00007ffcf3c80000 - 0x00007ffcf3ca5000 	C:\WINDOWS\SYSTEM32\profapi.dll
0x00007ffcda6d0000 - 0x00007ffcda6e9000 	C:\Program Files\Android\Android Studio\jbr\bin\net.dll
0x00007ffcea690000 - 0x00007ffcea79a000 	C:\WINDOWS\SYSTEM32\WINHTTP.dll
0x00007ffcf2dc0000 - 0x00007ffcf2e2a000 	C:\WINDOWS\system32\mswsock.dll
0x00007ffcda3d0000 - 0x00007ffcda3e6000 	C:\Program Files\Android\Android Studio\jbr\bin\nio.dll
0x00007ffce8ec0000 - 0x00007ffce8ed0000 	C:\Program Files\Android\Android Studio\jbr\bin\verify.dll

dbghelp: loaded successfully - version: 4.0.5 - missing functions: none
symbol engine: initialized successfully - sym options: 0x614 - pdb path: .;C:\Program Files\Android\Android Studio\jbr\bin;C:\WINDOWS\SYSTEM32;C:\WINDOWS\WinSxS\amd64_microsoft.windows.common-controls_6595b64144ccf1df_6.0.19041.1110_none_60b5254171f9507e;C:\Program Files\Android\Android Studio\jbr\bin\server

VM Arguments:
java_command: org.jetbrains.kotlin.cli.jvm.K2JVMCompiler @C:\Users\Raven\AndroidStudioProjects\MySubmissionPemula\app\build\20230821_4950048718976090076.compiler.options
java_class_path (initial): C:\Users\Raven\.gradle\bin\caches\modules-2\files-2.1\org.jetbrains.kotlin\kotlin-compiler-embeddable\1.8.0\eb9118d4bcceaa2a94b2ae2a33a4ddba7c9a947f\kotlin-compiler-embeddable-1.8.0.jar;C:\Users\Raven\.gradle\bin\caches\modules-2\files-2.1\org.jetbrains.kotlin\kotlin-stdlib\1.8.0\1796921c7a3e2e2665a83e6c8d33399336cd39bc\kotlin-stdlib-1.8.0.jar;C:\Users\Raven\.gradle\bin\caches\modules-2\files-2.1\org.jetbrains.kotlin\kotlin-script-runtime\1.8.0\b2f7e760d283cb339974851c222a4c1d48f2d3d\kotlin-script-runtime-1.8.0.jar;C:\Users\Raven\.gradle\bin\caches\modules-2\files-2.1\org.jetbrains.kotlin\kotlin-reflect\1.6.10\1cbe9c92c12a94eea200d23c2bbaedaf3daf5132\kotlin-reflect-1.6.10.jar;C:\Users\Raven\.gradle\bin\caches\modules-2\files-2.1\org.jetbrains.kotlin\kotlin-daemon-embeddable\1.8.0\d255216c551685dc3a7e852b53617f5f01aaaa5c\kotlin-daemon-embeddable-1.8.0.jar;C:\Users\Raven\.gradle\bin\caches\modules-2\files-2.1\org.jetbrains.intellij.deps\trove4j\1.0.20200330\3afb14d5f9ceb459d724e907a21145e8ff394f02\trove4j-1.0.20200330.jar;C:\Users\Raven\.gradle\bin\caches\modules-2\files-2.1\net.java.dev.jna\jna\5.6.0\330f2244e9030119ab3030fc3fededc86713d9cc\jna-5.6.0.jar;C:\Users\Raven\.gradle\bin\caches\modules-2\files-2.1\org.jetbrains.kotlin\kotlin-stdlib-common\1.8.0\f7197e7cc76453ac59f8b0f8d5137cc600becd36\kotlin-stdlib-common-1.8.0.jar;C:\Users\Raven\.gradle\bin\caches\modules-2\files-2.1\org.jetbrains\annotations\13.0\919f0dfe192fb4e063e7dacadee7f8bb9a2672a9\annotations-13.0.jar
Launcher Type: SUN_STANDARD

[Global flags]
     intx CICompilerCount                          = 4                                         {product} {ergonomic}
     uint ConcGCThreads                            = 2                                         {product} {ergonomic}
     uint G1ConcRefinementThreads                  = 8                                         {product} {ergonomic}
   size_t G1HeapRegionSize                         = 2097152                                   {product} {ergonomic}
    uintx GCDrainStackTargetSize                   = 64                                        {product} {ergonomic}
   size_t InitialHeapSize                          = 201326592                                 {product} {ergonomic}
   size_t MarkStackSize                            = 4194304                                   {product} {ergonomic}
   size_t MaxHeapSize                              = 3191865344                                {product} {ergonomic}
   size_t MaxNewSize                               = 1914699776                                {product} {ergonomic}
   size_t MinHeapDeltaBytes                        = 2097152                                   {product} {ergonomic}
   size_t MinHeapSize                              = 8388608                                   {product} {ergonomic}
    uintx NonNMethodCodeHeapSize                   = 5839372                                {pd product} {ergonomic}
    uintx NonProfiledCodeHeapSize                  = 122909434                              {pd product} {ergonomic}
    uintx ProfiledCodeHeapSize                     = 122909434                              {pd product} {ergonomic}
    uintx ReservedCodeCacheSize                    = 251658240                              {pd product} {ergonomic}
     bool SegmentedCodeCache                       = true                                      {product} {ergonomic}
   size_t SoftMaxHeapSize                          = 3191865344                             {manageable} {ergonomic}
     bool UseCompressedClassPointers               = true                           {product lp64_product} {ergonomic}
     bool UseCompressedOops                        = true                           {product lp64_product} {ergonomic}
     bool UseG1GC                                  = true                                      {product} {ergonomic}
     bool UseLargePagesIndividualAllocation        = false                                  {pd product} {ergonomic}

Logging:
Log output configuration:
 #0: stdout all=warning uptime,level,tags
 #1: stderr all=off uptime,level,tags

Environment Variables:
JAVA_HOME=C:\Program Files\Android\Android Studio\jre
PATH=C:\Program Files (x86)\Razer Chroma SDK\bin;C:\Program Files\Razer Chroma SDK\bin;C:\Program Files (x86)\Razer\ChromaBroadcast\bin;C:\Program Files\Razer\ChromaBroadcast\bin;C:\Program Files (x86)\Common Files\Intel\Shared Libraries\redist\intel64\compiler;C:\WINDOWS\system32;C:\WINDOWS;C:\WINDOWS\System32\Wbem;C:\WINDOWS\System32\WindowsPowerShell\v1.0\;C:\WINDOWS\System32\OpenSSH\;C:\Program Files\Git\cmd;C:\Program Files\NVIDIA Corporation\NVIDIA NvDLISR;C:\Program Files (x86)\NVIDIA Corporation\PhysX\Common;C:\xampp\php;C:\ProgramData\ComposerSetup\bin;C:\Program Files\Android\Android Studio\jre\bin;C:\Program Files\Java\jdk-18.0.1\bin;C:\WINDOWS\system32\config\systemprofile\AppData\Local\Microsoft\WindowsApps;C:\Users\Raven\AppData\Local\Pub\Cache\bin;C:\Users\Raven\AppData\Local\Android\Sdk\platform-tools;C:\Program Files\nodejs\;C:\Users\Raven\AppData\Local\Android\Sdk\platform-tools;C:\Users\Raven\AppData\Local\Microsoft\WindowsApps;C:\Users\Raven\AppData\Local\Programs\Microsoft VS Code\bin;C:\Users\Raven\AppData\Roaming\Composer\vendor\bin;C:\Program Files\nodejs\;C:\Users\Raven\flutter\bin;C:\Program Files\Java\jdk-18.0.1\bin;C:\Program Files\Android\Android Studio\jre\bin;C:\Users\Raven\AppData\Roaming\npm;C:\xampp_8\php;C:\Users\Raven\flutter\bin;"C:\Users\Raven\flutter\bin"
USERNAME=Raven
OS=Windows_NT
PROCESSOR_IDENTIFIER=Intel64 Family 6 Model 142 Stepping 10, GenuineIntel
TMP=C:\Users\Raven\AppData\Local\Temp
TEMP=C:\Users\Raven\AppData\Local\Temp


JNI global refs:
JNI global refs: 10, weak refs: 0

JNI global refs memory usage: 843, weak refs: 841


---------------  S Y S T E M  ---------------

OS:
 Windows 10 , 64 bit Build 19041 (10.0.19041.3155)
OS uptime: 1 days 10:25 hours

CPU: total 8 (initial active 8) (4 cores per cpu, 2 threads per core) family 6 model 142 stepping 10 microcode 0xb4, cx8, cmov, fxsr, ht, mmx, 3dnowpref, sse, sse2, sse3, ssse3, sse4.1, sse4.2, popcnt, lzcnt, tsc, tscinvbit, avx, avx2, aes, erms, clmul, bmi1, bmi2, adx, fma, vzeroupper, clflush, clflushopt

Memory: 4k page, system-wide physical 12172M (1646M free)
TotalPageFile size 24344M (AvailPageFile size 9365M)
current process WorkingSet (physical memory assigned to process): 251M, peak: 254M
current process commit charge ("private bytes"): 286M, peak: 302M

vm_info: OpenJDK 64-Bit Server VM (17.0.6+0-b2043.56-10027231) for windows-amd64 JRE (17.0.6+0-b2043.56-10027231), built on Apr 28 2023 00:43:19 by "androidbuild" with MS VC++ 16.10 / 16.11 (VS2019)

END.
